<?xml version="1.0" encoding="UTF-8"?>
<testng-results skipped="0" failed="0" total="1" passed="1">
  <reporter-output>
  </reporter-output>
  <suite name="InetBankigV1" duration-ms="58765" started-at="2021-08-10T01:59:32Z" finished-at="2021-08-10T02:00:31Z">
    <groups>
    </groups>
    <test name="BankingApp Test" duration-ms="58765" started-at="2021-08-10T01:59:32Z" finished-at="2021-08-10T02:00:31Z">
      <class name="com.inetbanking.testcases.TC_AddCustomerTest_003">
        <test-method status="PASS" signature="setup(java.lang.String)[pri:0, instance:com.inetbanking.testcases.TC_AddCustomerTest_003@13a57a3b]" name="setup" is-config="true" duration-ms="28234" started-at="2021-08-10T07:29:33Z" finished-at="2021-08-10T07:30:01Z">
          <params>
            <param index="0">
              <value>
                <![CDATA[Chrome]]>
              </value>
            </param>
          </params>
          <reporter-output>
          </reporter-output>
        </test-method> <!-- setup -->
        <test-method status="PASS" signature="addNewCustomer()[pri:0, instance:com.inetbanking.testcases.TC_AddCustomerTest_003@13a57a3b]" name="addNewCustomer" duration-ms="25607" started-at="2021-08-10T07:30:01Z" finished-at="2021-08-10T07:30:27Z">
          <reporter-output>
          </reporter-output>
        </test-method> <!-- addNewCustomer -->
        <test-method status="PASS" signature="tearDown()[pri:0, instance:com.inetbanking.testcases.TC_AddCustomerTest_003@13a57a3b]" name="tearDown" is-config="true" duration-ms="3671" started-at="2021-08-10T07:30:27Z" finished-at="2021-08-10T07:30:31Z">
          <reporter-output>
          </reporter-output>
        </test-method> <!-- tearDown -->
      </class> <!-- com.inetbanking.testcases.TC_AddCustomerTest_003 -->
    </test> <!-- BankingApp Test -->
  </suite> <!-- InetBankigV1 -->
</testng-results>
